<?xml version="1.0" encoding="utf-8"?><testsuites name="pytest tests"><testsuite name="pytest" errors="0" failures="1" skipped="0" tests="20" time="4.063" timestamp="2026-04-29T12:05:22.539166+00:00" hostname="agent-env-39267f27-3038-4255-853b-de7b7d1ae991"><testcase classname="backend.tests.backend_test.TestPublic" name="test_health" time="0.184" /><testcase classname="backend.tests.backend_test.TestPublic" name="test_portfolio" time="0.051" /><testcase classname="backend.tests.backend_test.TestPublic" name="test_testimonials" time="0.053" /><testcase classname="backend.tests.backend_test.TestPublic" name="test_business_info" time="0.085" /><testcase classname="backend.tests.backend_test.TestPublic" name="test_create_inquiry" time="0.059" /><testcase classname="backend.tests.backend_test.TestAdminAuth" name="test_login_ok" time="0.278" /><testcase classname="backend.tests.backend_test.TestAdminAuth" name="test_login_bad_password" time="0.278" /><testcase classname="backend.tests.backend_test.TestAdminAuth" name="test_me_ok" time="0.334" /><testcase classname="backend.tests.backend_test.TestAdminAuth" name="test_me_no_token" time="0.134" /><testcase classname="backend.tests.backend_test.TestAdminAuth" name="test_stats" time="0.054" /><testcase classname="backend.tests.backend_test.TestPasswordReset" name="test_forgot_returns_ok" time="0.053" /><testcase classname="backend.tests.backend_test.TestPasswordReset" name="test_forgot_unknown_email_still_ok" time="0.055" /><testcase classname="backend.tests.backend_test.TestPasswordReset" name="test_reset_password_flow" time="0.108"><failure message="assert 400 == 200&#10; +  where 400 = &lt;Response [400]&gt;.status_code">backend/tests/backend_test.py:157: in test_reset_password_flow
    assert r2.status_code == 200
E   assert 400 == 200
E    +  where 400 = &lt;Response [400]&gt;.status_code</failure></testcase><testcase classname="backend.tests.backend_test.TestPasswordReset" name="test_reset_invalid_token" time="0.064" /><testcase classname="backend.tests.backend_test.TestChangeCredentials" name="test_change_password_wrong_current" time="0.279" /><testcase classname="backend.tests.backend_test.TestChangeCredentials" name="test_change_email_and_revert" time="0.906" /><testcase classname="backend.tests.backend_test.TestPortfolioCRUD" name="test_full_crud" time="0.317" /><testcase classname="backend.tests.backend_test.TestTestimonialsCRUD" name="test_full_crud" time="0.159" /><testcase classname="backend.tests.backend_test.TestInquiriesAdmin" name="test_list_mark_delete" time="0.218" /><testcase classname="backend.tests.backend_test.TestBusinessInfo" name="test_get_and_put" time="0.214" /></testsuite></testsuites>