<?xml version="1.0" encoding="utf-8"?><testsuites name="pytest tests"><testsuite name="pytest" errors="0" failures="0" skipped="0" tests="37" time="9.716" timestamp="2026-05-04T05:50:51.539435+00:00" hostname="agent-env-39267f27-3038-4255-853b-de7b7d1ae991"><testcase classname="tests.backend_test.TestPublic" name="test_health" time="0.245" /><testcase classname="tests.backend_test.TestPublic" name="test_portfolio" time="0.046" /><testcase classname="tests.backend_test.TestPublic" name="test_testimonials" time="0.044" /><testcase classname="tests.backend_test.TestPublic" name="test_business_info" time="0.048" /><testcase classname="tests.backend_test.TestPublic" name="test_create_inquiry" time="0.050" /><testcase classname="tests.backend_test.TestAdminAuth" name="test_login_ok" time="0.276" /><testcase classname="tests.backend_test.TestAdminAuth" name="test_login_bad_password" time="0.268" /><testcase classname="tests.backend_test.TestAdminAuth" name="test_me_ok" time="0.314" /><testcase classname="tests.backend_test.TestAdminAuth" name="test_me_no_token" time="0.128" /><testcase classname="tests.backend_test.TestAdminAuth" name="test_stats" time="0.049" /><testcase classname="tests.backend_test.TestPasswordReset" name="test_forgot_returns_ok" time="0.253" /><testcase classname="tests.backend_test.TestPasswordReset" name="test_forgot_unknown_email_still_ok" time="0.044" /><testcase classname="tests.backend_test.TestPasswordReset" name="test_reset_password_flow" time="1.551" /><testcase classname="tests.backend_test.TestPasswordReset" name="test_reset_invalid_token" time="0.045" /><testcase classname="tests.backend_test.TestChangeCredentials" name="test_change_password_wrong_current" time="0.269" /><testcase classname="tests.backend_test.TestChangeCredentials" name="test_change_email_and_revert" time="0.914" /><testcase classname="tests.backend_test.TestPasswordChangePersistence" name="test_change_marks_password_changed_flag" time="1.786" /><testcase classname="tests.backend_test.TestPortfolioCRUD" name="test_full_crud" time="0.270" /><testcase classname="tests.backend_test.TestTestimonialsCRUD" name="test_full_crud" time="0.139" /><testcase classname="tests.backend_test.TestInquiriesAdmin" name="test_list_mark_delete" time="0.178" /><testcase classname="tests.backend_test.TestBusinessInfo" name="test_get_and_put" time="0.188" /><testcase classname="tests.backend_test.TestAdminEmailChange" name="test_old_email_fails" time="0.045" /><testcase classname="tests.backend_test.TestAdminEmailChange" name="test_new_email_works" time="0.269" /><testcase classname="tests.backend_test.TestLeadNotification" name="test_inquiry_triggers_lead_email_log" time="0.448" /><testcase classname="tests.backend_test.TestForgotPasswordResendLog" name="test_forgot_password_email_sent_log" time="0.260" /><testcase classname="tests.backend_test.TestUpload" name="test_upload_no_auth" time="0.147" /><testcase classname="tests.backend_test.TestUpload" name="test_upload_image_ok" time="0.226" /><testcase classname="tests.backend_test.TestUpload" name="test_upload_url_uses_public_https_when_proxied" time="0.121" /><testcase classname="tests.backend_test.TestUpload" name="test_upload_url_adapts_to_request_base_url" time="0.004" /><testcase classname="tests.backend_test.TestUpload" name="test_serve_invalid_id_404" time="0.120" /><testcase classname="tests.backend_test.TestUpload" name="test_serve_nonexistent_objectid_404" time="0.103" /><testcase classname="tests.backend_test.TestUpload" name="test_upload_bad_extension" time="0.115" /><testcase classname="tests.backend_test.TestUpload" name="test_upload_empty" time="0.116" /><testcase classname="tests.backend_test.TestSEO" name="test_index_html_has_seo" time="0.112" /><testcase classname="tests.backend_test.TestSEO" name="test_index_html_has_runtime_url_patch_script" time="0.142" /><testcase classname="tests.backend_test.TestSEO" name="test_robots_txt" time="0.119" /><testcase classname="tests.backend_test.TestSEO" name="test_sitemap_xml" time="0.111" /></testsuite></testsuites>